time.struct_time(tm_year=2010, tm_mon=3, tm_mday=29, tm_hour=14, tm_min=5, tm_sec=15, tm_wday=0, tm_yday=88, tm_isdst=1);1;NEWSCHEMA;
time.struct_time(tm_year=2010, tm_mon=3, tm_mday=29, tm_hour=14, tm_min=5, tm_sec=48, tm_wday=0, tm_yday=88, tm_isdst=1);1;CLOSESCHEMA;
time.struct_time(tm_year=2010, tm_mon=3, tm_mday=29, tm_hour=14, tm_min=9, tm_sec=20, tm_wday=0, tm_yday=88, tm_isdst=1);2;NEWSCHEMA;
time.struct_time(tm_year=2010, tm_mon=3, tm_mday=29, tm_hour=14, tm_min=14, tm_sec=0, tm_wday=0, tm_yday=88, tm_isdst=1);2;CLOSESCHEMA;
time.struct_time(tm_year=2010, tm_mon=3, tm_mday=29, tm_hour=14, tm_min=14, tm_sec=4, tm_wday=0, tm_yday=88, tm_isdst=1);3;NEWSCHEMA;
time.struct_time(tm_year=2010, tm_mon=3, tm_mday=29, tm_hour=14, tm_min=16, tm_sec=55, tm_wday=0, tm_yday=88, tm_isdst=1);3;CLOSESCHEMA;
time.struct_time(tm_year=2010, tm_mon=3, tm_mday=29, tm_hour=14, tm_min=16, tm_sec=59, tm_wday=0, tm_yday=88, tm_isdst=1);4;NEWSCHEMA;
time.struct_time(tm_year=2010, tm_mon=3, tm_mday=29, tm_hour=14, tm_min=18, tm_sec=48, tm_wday=0, tm_yday=88, tm_isdst=1);4;CLOSESCHEMA;
time.struct_time(tm_year=2010, tm_mon=3, tm_mday=29, tm_hour=14, tm_min=18, tm_sec=53, tm_wday=0, tm_yday=88, tm_isdst=1);5;NEWSCHEMA;
time.struct_time(tm_year=2010, tm_mon=3, tm_mday=29, tm_hour=14, tm_min=35, tm_sec=17, tm_wday=0, tm_yday=88, tm_isdst=1);5;ADDWIDGET;176760748;('widgets', 'Data Entry');30.0;150.0;
time.struct_time(tm_year=2010, tm_mon=3, tm_mday=29, tm_hour=14, tm_min=35, tm_sec=18, tm_wday=0, tm_yday=88, tm_isdst=1);5;MOVEWIDGET;176760748;('widgets', 'Data Entry');30.0;150.0;
time.struct_time(tm_year=2010, tm_mon=3, tm_mday=29, tm_hour=14, tm_min=36, tm_sec=50, tm_wday=0, tm_yday=88, tm_isdst=1);5;ADDWIDGET;176788972;('widgets', 'Survival Fit');150.0;120.0;
time.struct_time(tm_year=2010, tm_mon=3, tm_mday=29, tm_hour=14, tm_min=36, tm_sec=50, tm_wday=0, tm_yday=88, tm_isdst=1);5;ADDLINK;176760748;176788972;RDataFrame;
time.struct_time(tm_year=2010, tm_mon=3, tm_mday=29, tm_hour=14, tm_min=37, tm_sec=17, tm_wday=0, tm_yday=88, tm_isdst=1);5;REMOVEWIDGET;176788972;('widgets', 'Survival Fit');
time.struct_time(tm_year=2010, tm_mon=3, tm_mday=29, tm_hour=14, tm_min=37, tm_sec=22, tm_wday=0, tm_yday=88, tm_isdst=1);5;ADDWIDGET;183515756;('widgets', 'Survival Fit');130.0;120.0;
time.struct_time(tm_year=2010, tm_mon=3, tm_mday=29, tm_hour=14, tm_min=37, tm_sec=22, tm_wday=0, tm_yday=88, tm_isdst=1);5;ADDLINK;176760748;183515756;RDataFrame;
time.struct_time(tm_year=2010, tm_mon=3, tm_mday=29, tm_hour=14, tm_min=37, tm_sec=27, tm_wday=0, tm_yday=88, tm_isdst=1);5;MOVEWIDGET;183515756;('widgets', 'Survival Fit');130.0;120.0;
time.struct_time(tm_year=2010, tm_mon=3, tm_mday=29, tm_hour=14, tm_min=37, tm_sec=47, tm_wday=0, tm_yday=88, tm_isdst=1);5;ADDWIDGET;183613356;('widgets', 'Survival Plot');270.0;110.0;
time.struct_time(tm_year=2010, tm_mon=3, tm_mday=29, tm_hour=14, tm_min=37, tm_sec=47, tm_wday=0, tm_yday=88, tm_isdst=1);5;ADDLINK;183515756;183613356;SurvFit;
time.struct_time(tm_year=2010, tm_mon=3, tm_mday=29, tm_hour=14, tm_min=38, tm_sec=10, tm_wday=0, tm_yday=88, tm_isdst=1);5;ADDWIDGET;183640236;('widgets', 'Survival Difference');290.0;290.0;
time.struct_time(tm_year=2010, tm_mon=3, tm_mday=29, tm_hour=14, tm_min=38, tm_sec=11, tm_wday=0, tm_yday=88, tm_isdst=1);5;ADDLINK;183515756;183640236;SurvFit;
time.struct_time(tm_year=2010, tm_mon=3, tm_mday=29, tm_hour=14, tm_min=38, tm_sec=27, tm_wday=0, tm_yday=88, tm_isdst=1);5;MOVEWIDGET;183640236;('widgets', 'Survival Difference');280.0;230.0;
time.struct_time(tm_year=2010, tm_mon=3, tm_mday=29, tm_hour=14, tm_min=38, tm_sec=28, tm_wday=0, tm_yday=88, tm_isdst=1);5;MOVEWIDGET;183640236;('widgets', 'Survival Difference');280.0;230.0;
time.struct_time(tm_year=2010, tm_mon=3, tm_mday=29, tm_hour=14, tm_min=38, tm_sec=35, tm_wday=0, tm_yday=88, tm_isdst=1);5;REMOVEWIDGET;183640236;('widgets', 'Survival Difference');
time.struct_time(tm_year=2010, tm_mon=3, tm_mday=29, tm_hour=14, tm_min=38, tm_sec=40, tm_wday=0, tm_yday=88, tm_isdst=1);5;ADDWIDGET;183651180;('widgets', 'Survival Difference');140.0;200.0;
time.struct_time(tm_year=2010, tm_mon=3, tm_mday=29, tm_hour=14, tm_min=38, tm_sec=40, tm_wday=0, tm_yday=88, tm_isdst=1);5;ADDLINK;176760748;183651180;RDataFrame;
time.struct_time(tm_year=2010, tm_mon=3, tm_mday=29, tm_hour=14, tm_min=38, tm_sec=42, tm_wday=0, tm_yday=88, tm_isdst=1);5;MOVEWIDGET;183651180;('widgets', 'Survival Difference');140.0;200.0;
time.struct_time(tm_year=2010, tm_mon=3, tm_mday=29, tm_hour=14, tm_min=39, tm_sec=18, tm_wday=0, tm_yday=88, tm_isdst=1);5;MOVEWIDGET;183515756;('widgets', 'Survival Fit');140.0;110.0;
time.struct_time(tm_year=2010, tm_mon=3, tm_mday=29, tm_hour=14, tm_min=39, tm_sec=24, tm_wday=0, tm_yday=88, tm_isdst=1);5;REMOVEWIDGET;176760748;('widgets', 'Data Entry');
time.struct_time(tm_year=2010, tm_mon=3, tm_mday=29, tm_hour=14, tm_min=39, tm_sec=24, tm_wday=0, tm_yday=88, tm_isdst=1);5;REMOVEWIDGET;183515756;('widgets', 'Survival Fit');
time.struct_time(tm_year=2010, tm_mon=3, tm_mday=29, tm_hour=14, tm_min=39, tm_sec=24, tm_wday=0, tm_yday=88, tm_isdst=1);5;REMOVEWIDGET;183613356;('widgets', 'Survival Plot');
time.struct_time(tm_year=2010, tm_mon=3, tm_mday=29, tm_hour=14, tm_min=39, tm_sec=24, tm_wday=0, tm_yday=88, tm_isdst=1);5;REMOVEWIDGET;183651180;('widgets', 'Survival Difference');
